<frozen runpy>:128: RuntimeWarning: 'pcdet.datasets.kitti.kitti_dataset' found in sys.modules after import of package 'pcdet.datasets.kitti', but prior to execution of 'pcdet.datasets.kitti.kitti_dataset'; this may result in unpredictable behaviour
/mnt/backup/dassault/ysf/airbus_hackathon/OpenPCDet/pcdet/utils/calibration_kitti.py:82: RuntimeWarning: divide by zero encountered in divide
  pts_img = (pts_2d_hom[:, 0:2].T / pts_rect_hom[:, 2]).T  # (N, 2)
/mnt/backup/dassault/ysf/airbus_hackathon/OpenPCDet/pcdet/utils/calibration_kitti.py:82: RuntimeWarning: invalid value encountered in divide
  pts_img = (pts_2d_hom[:, 0:2].T / pts_rect_hom[:, 2]).T  # (N, 2)
DEBUG sys.argv: ['/mnt/backup/dassault/ysf/airbus_hackathon/OpenPCDet/pcdet/datasets/kitti/kitti_dataset.py', 'create_kitti_infos', 'tools/cfgs/dataset_configs/airbus_dataset.yaml']
---------------Start to generate data infos---------------
train sample_idx: 000000
train sample_idx: 000001
train sample_idx: 000002
train sample_idx: 000003
train sample_idx: 000004
train sample_idx: 000005
train sample_idx: 000006
train sample_idx: 000007
train sample_idx: 000008
train sample_idx: 000009
train sample_idx: 000011
train sample_idx: 000012
train sample_idx: 000013
train sample_idx: 000014
train sample_idx: 000015
train sample_idx: 000016
train sample_idx: 000017
train sample_idx: 000018
train sample_idx: 000019
train sample_idx: 000020
train sample_idx: 000021
train sample_idx: 000022
train sample_idx: 000024
train sample_idx: 000026
train sample_idx: 000027
train sample_idx: 000028
train sample_idx: 000031
train sample_idx: 000032
train sample_idx: 000033
train sample_idx: 000034
train sample_idx: 000035
train sample_idx: 000036
train sample_idx: 000037
train sample_idx: 000038
train sample_idx: 000040
train sample_idx: 000041
train sample_idx: 000042
train sample_idx: 000043
train sample_idx: 000045
train sample_idx: 000046
train sample_idx: 000047
train sample_idx: 000048
train sample_idx: 000049
train sample_idx: 000050
train sample_idx: 000051
train sample_idx: 000052
train sample_idx: 000053
train sample_idx: 000056
train sample_idx: 000057
train sample_idx: 000058
train sample_idx: 000061
train sample_idx: 000062
train sample_idx: 000064
train sample_idx: 000065
train sample_idx: 000068
train sample_idx: 000069
train sample_idx: 000071
train sample_idx: 000073
train sample_idx: 000074
train sample_idx: 000075
train sample_idx: 000077
train sample_idx: 000079
train sample_idx: 000080
train sample_idx: 000081
train sample_idx: 000082
train sample_idx: 000083
train sample_idx: 000084
train sample_idx: 000085
train sample_idx: 000087
train sample_idx: 000089
train sample_idx: 000090
train sample_idx: 000091
train sample_idx: 000092
train sample_idx: 000093
train sample_idx: 000094
train sample_idx: 000095
train sample_idx: 000097
train sample_idx: 000098
train sample_idx: 000099
train sample_idx: 000100
train sample_idx: 000101
train sample_idx: 000102
train sample_idx: 000103
train sample_idx: 000104
train sample_idx: 000105
train sample_idx: 000106
train sample_idx: 000108
train sample_idx: 000109
train sample_idx: 000111
train sample_idx: 000112
train sample_idx: 000113
train sample_idx: 000114
train sample_idx: 000115
train sample_idx: 000116
train sample_idx: 000117
train sample_idx: 000118
train sample_idx: 000119
train sample_idx: 000121
train sample_idx: 000122
train sample_idx: 000123
train sample_idx: 000124
train sample_idx: 000125
train sample_idx: 000126
train sample_idx: 000127
train sample_idx: 000128
train sample_idx: 000129
train sample_idx: 000130
train sample_idx: 000131
train sample_idx: 000132
train sample_idx: 000133
train sample_idx: 000134
train sample_idx: 000135
train sample_idx: 000138
train sample_idx: 000140
train sample_idx: 000141
train sample_idx: 000142
train sample_idx: 000143
train sample_idx: 000144
train sample_idx: 000145
train sample_idx: 000146
train sample_idx: 000147
train sample_idx: 000148
train sample_idx: 000149
train sample_idx: 000150
train sample_idx: 000151
train sample_idx: 000152
train sample_idx: 000153
train sample_idx: 000154
train sample_idx: 000155
train sample_idx: 000156
train sample_idx: 000157
train sample_idx: 000159
train sample_idx: 000160
train sample_idx: 000161
train sample_idx: 000162
train sample_idx: 000163
train sample_idx: 000164
train sample_idx: 000165
train sample_idx: 000166
train sample_idx: 000167
train sample_idx: 000169
train sample_idx: 000170
train sample_idx: 000171
train sample_idx: 000172
train sample_idx: 000173
train sample_idx: 000175
train sample_idx: 000176
train sample_idx: 000177
train sample_idx: 000178
train sample_idx: 000179
train sample_idx: 000180
train sample_idx: 000181
train sample_idx: 000182
train sample_idx: 000183
train sample_idx: 000185
train sample_idx: 000186
train sample_idx: 000187
train sample_idx: 000188
train sample_idx: 000189
train sample_idx: 000190
train sample_idx: 000191
train sample_idx: 000192
train sample_idx: 000193
train sample_idx: 000194
train sample_idx: 000195
train sample_idx: 000196
train sample_idx: 000197
train sample_idx: 000200
train sample_idx: 000201
train sample_idx: 000202
train sample_idx: 000203
train sample_idx: 000204
train sample_idx: 000205
train sample_idx: 000206
train sample_idx: 000207
train sample_idx: 000211
train sample_idx: 000212
train sample_idx: 000214
train sample_idx: 000216
train sample_idx: 000217
train sample_idx: 000219
train sample_idx: 000220
train sample_idx: 000222
train sample_idx: 000223
train sample_idx: 000224
train sample_idx: 000225
train sample_idx: 000226
train sample_idx: 000227
train sample_idx: 000228
train sample_idx: 000229
train sample_idx: 000230
train sample_idx: 000231
train sample_idx: 000232
train sample_idx: 000233
train sample_idx: 000234
train sample_idx: 000236
train sample_idx: 000238
train sample_idx: 000239
train sample_idx: 000240
train sample_idx: 000241
train sample_idx: 000242
train sample_idx: 000243
train sample_idx: 000244
train sample_idx: 000245
train sample_idx: 000246
train sample_idx: 000248
train sample_idx: 000250
train sample_idx: 000251
train sample_idx: 000252
train sample_idx: 000253
train sample_idx: 000254
train sample_idx: 000255
train sample_idx: 000256
train sample_idx: 000257
train sample_idx: 000258
train sample_idx: 000262
train sample_idx: 000263
train sample_idx: 000264
train sample_idx: 000265
train sample_idx: 000267
train sample_idx: 000268
train sample_idx: 000269
train sample_idx: 000270
train sample_idx: 000271
train sample_idx: 000272
train sample_idx: 000273
train sample_idx: 000274
train sample_idx: 000275
train sample_idx: 000276
train sample_idx: 000278
train sample_idx: 000279
train sample_idx: 000282
train sample_idx: 000283
train sample_idx: 000284
train sample_idx: 000285
train sample_idx: 000286
train sample_idx: 000287
train sample_idx: 000288
train sample_idx: 000289
train sample_idx: 000291
train sample_idx: 000293
train sample_idx: 000295
train sample_idx: 000297
train sample_idx: 000300
train sample_idx: 000301
train sample_idx: 000302
train sample_idx: 000303
train sample_idx: 000304
train sample_idx: 000305
train sample_idx: 000308
train sample_idx: 000310
train sample_idx: 000311
train sample_idx: 000313
train sample_idx: 000314
train sample_idx: 000315
train sample_idx: 000316
train sample_idx: 000317
train sample_idx: 000320
train sample_idx: 000322
train sample_idx: 000323
train sample_idx: 000324
train sample_idx: 000325
train sample_idx: 000326
train sample_idx: 000329
train sample_idx: 000330
train sample_idx: 000332
train sample_idx: 000333
train sample_idx: 000334
train sample_idx: 000335
train sample_idx: 000336
train sample_idx: 000337
train sample_idx: 000338
train sample_idx: 000339
train sample_idx: 000340
train sample_idx: 000341
train sample_idx: 000342
train sample_idx: 000343
train sample_idx: 000345
train sample_idx: 000347
train sample_idx: 000348
train sample_idx: 000349
train sample_idx: 000350
train sample_idx: 000353
train sample_idx: 000354
train sample_idx: 000355
train sample_idx: 000356
train sample_idx: 000357
train sample_idx: 000358
train sample_idx: 000360
train sample_idx: 000361
train sample_idx: 000362
train sample_idx: 000364
train sample_idx: 000366
train sample_idx: 000367
train sample_idx: 000368
train sample_idx: 000369
train sample_idx: 000370
train sample_idx: 000372
train sample_idx: 000373
train sample_idx: 000374
train sample_idx: 000375
train sample_idx: 000376
train sample_idx: 000378
train sample_idx: 000379
train sample_idx: 000381
train sample_idx: 000383
train sample_idx: 000384
train sample_idx: 000385
train sample_idx: 000386
train sample_idx: 000387
train sample_idx: 000388
train sample_idx: 000389
train sample_idx: 000390
train sample_idx: 000391
train sample_idx: 000392
train sample_idx: 000393
train sample_idx: 000394
train sample_idx: 000395
train sample_idx: 000396
train sample_idx: 000397
train sample_idx: 000399
train sample_idx: 000400
train sample_idx: 000401
train sample_idx: 000402
train sample_idx: 000403
train sample_idx: 000404
train sample_idx: 000405
train sample_idx: 000406
train sample_idx: 000407
train sample_idx: 000408
train sample_idx: 000409
train sample_idx: 000410
train sample_idx: 000412
train sample_idx: 000413
train sample_idx: 000414
train sample_idx: 000415
train sample_idx: 000416
train sample_idx: 000417
train sample_idx: 000418
train sample_idx: 000419
train sample_idx: 000420
train sample_idx: 000421
train sample_idx: 000422
train sample_idx: 000423
train sample_idx: 000426
train sample_idx: 000427
train sample_idx: 000428
train sample_idx: 000429
train sample_idx: 000430
train sample_idx: 000431
train sample_idx: 000434
train sample_idx: 000435
train sample_idx: 000437
train sample_idx: 000438
train sample_idx: 000439
train sample_idx: 000440
train sample_idx: 000441
train sample_idx: 000443
train sample_idx: 000444
train sample_idx: 000445
train sample_idx: 000446
train sample_idx: 000447
train sample_idx: 000450
train sample_idx: 000451
train sample_idx: 000452
train sample_idx: 000454
train sample_idx: 000455
train sample_idx: 000457
train sample_idx: 000458
train sample_idx: 000459
train sample_idx: 000460
train sample_idx: 000461
train sample_idx: 000462
train sample_idx: 000463
train sample_idx: 000465
train sample_idx: 000466
train sample_idx: 000467
train sample_idx: 000469
train sample_idx: 000470
train sample_idx: 000471
train sample_idx: 000472
train sample_idx: 000473
train sample_idx: 000474
train sample_idx: 000475
train sample_idx: 000476
train sample_idx: 000477
train sample_idx: 000478
train sample_idx: 000479
train sample_idx: 000480
train sample_idx: 000481
train sample_idx: 000482
train sample_idx: 000483
train sample_idx: 000484
train sample_idx: 000486
train sample_idx: 000487
train sample_idx: 000488
train sample_idx: 000489
train sample_idx: 000490
train sample_idx: 000491
train sample_idx: 000492
train sample_idx: 000493
train sample_idx: 000494
train sample_idx: 000495
train sample_idx: 000496
train sample_idx: 000497
train sample_idx: 000498
train sample_idx: 000499
train sample_idx: 000500
train sample_idx: 000501
train sample_idx: 000502
train sample_idx: 000503
train sample_idx: 000504
train sample_idx: 000505
train sample_idx: 000506
train sample_idx: 000508
train sample_idx: 000509
train sample_idx: 000510
train sample_idx: 000511
train sample_idx: 000512
train sample_idx: 000515
train sample_idx: 000517
train sample_idx: 000518
train sample_idx: 000519
train sample_idx: 000520
train sample_idx: 000523
train sample_idx: 000524
train sample_idx: 000527
train sample_idx: 000529
train sample_idx: 000530
train sample_idx: 000531
train sample_idx: 000532
train sample_idx: 000535
train sample_idx: 000536
train sample_idx: 000537
train sample_idx: 000538
train sample_idx: 000540
train sample_idx: 000543
train sample_idx: 000544
train sample_idx: 000546
train sample_idx: 000547
train sample_idx: 000549
train sample_idx: 000550
train sample_idx: 000551
train sample_idx: 000552
train sample_idx: 000553
train sample_idx: 000555
train sample_idx: 000556
train sample_idx: 000557
train sample_idx: 000559
train sample_idx: 000560
train sample_idx: 000561
train sample_idx: 000562
train sample_idx: 000563
train sample_idx: 000564
train sample_idx: 000565
train sample_idx: 000566
train sample_idx: 000567
train sample_idx: 000568
train sample_idx: 000569
train sample_idx: 000571
train sample_idx: 000572
train sample_idx: 000573
train sample_idx: 000574
train sample_idx: 000575
train sample_idx: 000577
train sample_idx: 000579
train sample_idx: 000580
train sample_idx: 000581
train sample_idx: 000582
train sample_idx: 000583
train sample_idx: 000584
train sample_idx: 000585
train sample_idx: 000586
train sample_idx: 000587
train sample_idx: 000589
train sample_idx: 000590
train sample_idx: 000592
train sample_idx: 000596
train sample_idx: 000598
train sample_idx: 000600
train sample_idx: 000601
train sample_idx: 000602
train sample_idx: 000604
train sample_idx: 000605
train sample_idx: 000606
train sample_idx: 000607
train sample_idx: 000608
train sample_idx: 000609
train sample_idx: 000610
train sample_idx: 000611
train sample_idx: 000612
train sample_idx: 000613
train sample_idx: 000614
train sample_idx: 000615
train sample_idx: 000616
train sample_idx: 000617
train sample_idx: 000618
train sample_idx: 000619
train sample_idx: 000621
train sample_idx: 000623
train sample_idx: 000624
train sample_idx: 000626
train sample_idx: 000627
train sample_idx: 000628
train sample_idx: 000629
train sample_idx: 000630
train sample_idx: 000631
train sample_idx: 000632
train sample_idx: 000633
train sample_idx: 000636
train sample_idx: 000637
train sample_idx: 000638
train sample_idx: 000639
train sample_idx: 000640
train sample_idx: 000641
train sample_idx: 000642
train sample_idx: 000643
train sample_idx: 000645
train sample_idx: 000646
train sample_idx: 000647
train sample_idx: 000648
train sample_idx: 000651
train sample_idx: 000652
train sample_idx: 000653
train sample_idx: 000654
train sample_idx: 000655
train sample_idx: 000656
train sample_idx: 000657
train sample_idx: 000658
train sample_idx: 000659
train sample_idx: 000660
train sample_idx: 000661
train sample_idx: 000663
train sample_idx: 000664
train sample_idx: 000665
train sample_idx: 000666
train sample_idx: 000667
train sample_idx: 000668
train sample_idx: 000669
train sample_idx: 000670
train sample_idx: 000671
train sample_idx: 000672
train sample_idx: 000673
train sample_idx: 000674
train sample_idx: 000675
train sample_idx: 000676
train sample_idx: 000679
train sample_idx: 000680
train sample_idx: 000681
train sample_idx: 000682
train sample_idx: 000683
train sample_idx: 000684
train sample_idx: 000686
train sample_idx: 000689
train sample_idx: 000690
train sample_idx: 000691
train sample_idx: 000692
train sample_idx: 000694
train sample_idx: 000696
train sample_idx: 000697
train sample_idx: 000698
train sample_idx: 000699
train sample_idx: 000700
train sample_idx: 000701
train sample_idx: 000702
train sample_idx: 000703
train sample_idx: 000704
train sample_idx: 000705
train sample_idx: 000707
train sample_idx: 000708
train sample_idx: 000709
train sample_idx: 000710
train sample_idx: 000711
train sample_idx: 000712
train sample_idx: 000713
train sample_idx: 000715
train sample_idx: 000716
train sample_idx: 000717
train sample_idx: 000718
train sample_idx: 000719
train sample_idx: 000720
train sample_idx: 000721
train sample_idx: 000723
train sample_idx: 000724
train sample_idx: 000725
train sample_idx: 000726
train sample_idx: 000727
train sample_idx: 000728
train sample_idx: 000729
train sample_idx: 000731
train sample_idx: 000732
train sample_idx: 000733
train sample_idx: 000734
train sample_idx: 000735
train sample_idx: 000737
train sample_idx: 000738
train sample_idx: 000741
train sample_idx: 000742
train sample_idx: 000743
train sample_idx: 000744
train sample_idx: 000745
train sample_idx: 000746
train sample_idx: 000747
train sample_idx: 000748
train sample_idx: 000749
train sample_idx: 000750
train sample_idx: 000751
train sample_idx: 000752
train sample_idx: 000753
train sample_idx: 000754
train sample_idx: 000755
train sample_idx: 000756
train sample_idx: 000757
train sample_idx: 000758
train sample_idx: 000759
train sample_idx: 000760
train sample_idx: 000761
train sample_idx: 000762
train sample_idx: 000763
train sample_idx: 000765
train sample_idx: 000766
train sample_idx: 000768
train sample_idx: 000769
train sample_idx: 000771
train sample_idx: 000772
train sample_idx: 000774
train sample_idx: 000775
train sample_idx: 000776
train sample_idx: 000777
train sample_idx: 000778
train sample_idx: 000779
train sample_idx: 000780
train sample_idx: 000782
train sample_idx: 000783
train sample_idx: 000784
train sample_idx: 000786
train sample_idx: 000788
train sample_idx: 000789
train sample_idx: 000790
train sample_idx: 000791
train sample_idx: 000793
train sample_idx: 000794
train sample_idx: 000795
train sample_idx: 000799
train sample_idx: 000800
train sample_idx: 000801
train sample_idx: 000802
train sample_idx: 000804
train sample_idx: 000805
train sample_idx: 000806
train sample_idx: 000807
train sample_idx: 000808
train sample_idx: 000810
train sample_idx: 000811
train sample_idx: 000812
train sample_idx: 000815
train sample_idx: 000816
train sample_idx: 000817
train sample_idx: 000818
train sample_idx: 000819
train sample_idx: 000820
train sample_idx: 000821
train sample_idx: 000825
train sample_idx: 000826
train sample_idx: 000827
train sample_idx: 000828
train sample_idx: 000829
train sample_idx: 000830
train sample_idx: 000831
train sample_idx: 000832
train sample_idx: 000833
train sample_idx: 000836
train sample_idx: 000838
train sample_idx: 000839
train sample_idx: 000840
train sample_idx: 000841
train sample_idx: 000842
train sample_idx: 000843
train sample_idx: 000844
train sample_idx: 000845
train sample_idx: 000846
train sample_idx: 000848
train sample_idx: 000851
train sample_idx: 000852
train sample_idx: 000853
train sample_idx: 000854
train sample_idx: 000855
train sample_idx: 000856
train sample_idx: 000858
train sample_idx: 000859
train sample_idx: 000860
train sample_idx: 000861
train sample_idx: 000862
train sample_idx: 000863
train sample_idx: 000864
train sample_idx: 000866
train sample_idx: 000867
train sample_idx: 000868
train sample_idx: 000870
train sample_idx: 000871
train sample_idx: 000872
train sample_idx: 000873
train sample_idx: 000874
train sample_idx: 000875
train sample_idx: 000876
train sample_idx: 000878
train sample_idx: 000880
train sample_idx: 000882
train sample_idx: 000883
train sample_idx: 000884
train sample_idx: 000885
train sample_idx: 000886
train sample_idx: 000887
train sample_idx: 000888
train sample_idx: 000890
train sample_idx: 000892
train sample_idx: 000893
train sample_idx: 000894
train sample_idx: 000895
train sample_idx: 000896
train sample_idx: 000897
train sample_idx: 000898
train sample_idx: 000899
train sample_idx: 000901
train sample_idx: 000902
train sample_idx: 000903
train sample_idx: 000904
train sample_idx: 000906
train sample_idx: 000907
train sample_idx: 000909
train sample_idx: 000910
train sample_idx: 000911
train sample_idx: 000913
train sample_idx: 000916
train sample_idx: 000917
train sample_idx: 000918
train sample_idx: 000919
train sample_idx: 000920
train sample_idx: 000923
train sample_idx: 000924
train sample_idx: 000925
train sample_idx: 000926
train sample_idx: 000929
train sample_idx: 000930
train sample_idx: 000931
train sample_idx: 000932
train sample_idx: 000933
train sample_idx: 000935
train sample_idx: 000937
train sample_idx: 000938
train sample_idx: 000940
train sample_idx: 000942
train sample_idx: 000943
train sample_idx: 000944
train sample_idx: 000945
train sample_idx: 000947
train sample_idx: 000948
train sample_idx: 000949
train sample_idx: 000950
train sample_idx: 000951
train sample_idx: 000952
train sample_idx: 000953
train sample_idx: 000954
train sample_idx: 000955
train sample_idx: 000956
train sample_idx: 000958
train sample_idx: 000959
train sample_idx: 000960
train sample_idx: 000962
train sample_idx: 000963
train sample_idx: 000964
train sample_idx: 000965
train sample_idx: 000966
train sample_idx: 000967
train sample_idx: 000968
train sample_idx: 000969
train sample_idx: 000970
train sample_idx: 000971
train sample_idx: 000974
train sample_idx: 000976
train sample_idx: 000977
train sample_idx: 000978
train sample_idx: 000979
train sample_idx: 000980
train sample_idx: 000981
train sample_idx: 000982
train sample_idx: 000984
train sample_idx: 000985
train sample_idx: 000986
train sample_idx: 000987
train sample_idx: 000988
train sample_idx: 000989
train sample_idx: 000990
train sample_idx: 000991
train sample_idx: 000992
train sample_idx: 000994
train sample_idx: 000995
train sample_idx: 000996
train sample_idx: 000997
Kitti info train file is saved to /mnt/backup/dassault/ysf/airbus_hackathon/airbus_kitti/kitti_infos_train.pkl
val sample_idx: 000010
val sample_idx: 000023
val sample_idx: 000025
val sample_idx: 000029
val sample_idx: 000030
val sample_idx: 000039
val sample_idx: 000044
val sample_idx: 000054
val sample_idx: 000055
val sample_idx: 000059
val sample_idx: 000060
val sample_idx: 000063
val sample_idx: 000066
val sample_idx: 000067
val sample_idx: 000070
val sample_idx: 000072
val sample_idx: 000076
val sample_idx: 000078
val sample_idx: 000086
val sample_idx: 000088
val sample_idx: 000096
val sample_idx: 000107
val sample_idx: 000110
val sample_idx: 000120
val sample_idx: 000136
val sample_idx: 000137
val sample_idx: 000139
val sample_idx: 000158
val sample_idx: 000168
val sample_idx: 000174
val sample_idx: 000184
val sample_idx: 000198
val sample_idx: 000199
val sample_idx: 000208
val sample_idx: 000209
val sample_idx: 000210
val sample_idx: 000213
val sample_idx: 000215
val sample_idx: 000218
val sample_idx: 000221
val sample_idx: 000235
val sample_idx: 000237
val sample_idx: 000247
val sample_idx: 000249
val sample_idx: 000259
val sample_idx: 000260
val sample_idx: 000261
val sample_idx: 000266
val sample_idx: 000277
val sample_idx: 000280
val sample_idx: 000281
val sample_idx: 000290
val sample_idx: 000292
val sample_idx: 000294
val sample_idx: 000296
val sample_idx: 000298
val sample_idx: 000299
val sample_idx: 000306
val sample_idx: 000307
val sample_idx: 000309
val sample_idx: 000312
val sample_idx: 000318
val sample_idx: 000319
val sample_idx: 000321
val sample_idx: 000327
val sample_idx: 000328
val sample_idx: 000331
val sample_idx: 000344
val sample_idx: 000346
val sample_idx: 000351
val sample_idx: 000352
val sample_idx: 000359
val sample_idx: 000363
val sample_idx: 000365
val sample_idx: 000371
val sample_idx: 000377
val sample_idx: 000380
val sample_idx: 000382
val sample_idx: 000398
val sample_idx: 000411
val sample_idx: 000424
val sample_idx: 000425
val sample_idx: 000432
val sample_idx: 000433
val sample_idx: 000436
val sample_idx: 000442
val sample_idx: 000448
val sample_idx: 000449
val sample_idx: 000453
val sample_idx: 000456
val sample_idx: 000464
val sample_idx: 000468
val sample_idx: 000485
val sample_idx: 000507
val sample_idx: 000513
val sample_idx: 000514
val sample_idx: 000516
val sample_idx: 000521
val sample_idx: 000522
val sample_idx: 000525
val sample_idx: 000526
val sample_idx: 000528
val sample_idx: 000533
val sample_idx: 000534
val sample_idx: 000539
val sample_idx: 000541
val sample_idx: 000542
val sample_idx: 000545
val sample_idx: 000548
val sample_idx: 000554
val sample_idx: 000558
val sample_idx: 000570
val sample_idx: 000576
val sample_idx: 000578
val sample_idx: 000588
val sample_idx: 000591
val sample_idx: 000593
val sample_idx: 000594
val sample_idx: 000595
val sample_idx: 000597
val sample_idx: 000599
val sample_idx: 000603
val sample_idx: 000620
val sample_idx: 000622
val sample_idx: 000625
val sample_idx: 000634
val sample_idx: 000635
val sample_idx: 000644
val sample_idx: 000649
val sample_idx: 000650
val sample_idx: 000662
val sample_idx: 000677
val sample_idx: 000678
val sample_idx: 000685
val sample_idx: 000687
val sample_idx: 000688
val sample_idx: 000693
val sample_idx: 000695
val sample_idx: 000706
val sample_idx: 000714
val sample_idx: 000722
val sample_idx: 000730
val sample_idx: 000736
val sample_idx: 000739
val sample_idx: 000740
val sample_idx: 000764
val sample_idx: 000767
val sample_idx: 000770
val sample_idx: 000773
val sample_idx: 000781
val sample_idx: 000785
val sample_idx: 000787
val sample_idx: 000792
val sample_idx: 000796
val sample_idx: 000797
val sample_idx: 000798
val sample_idx: 000803
val sample_idx: 000809
val sample_idx: 000813
val sample_idx: 000814
val sample_idx: 000822
val sample_idx: 000823
val sample_idx: 000824
val sample_idx: 000834
val sample_idx: 000835
val sample_idx: 000837
val sample_idx: 000847
val sample_idx: 000849
val sample_idx: 000850
val sample_idx: 000857
val sample_idx: 000865
val sample_idx: 000869
val sample_idx: 000877
val sample_idx: 000879
val sample_idx: 000881
val sample_idx: 000889
val sample_idx: 000891
val sample_idx: 000900
val sample_idx: 000905
val sample_idx: 000908
val sample_idx: 000912
val sample_idx: 000914
val sample_idx: 000915
val sample_idx: 000921
val sample_idx: 000922
val sample_idx: 000927
val sample_idx: 000928
val sample_idx: 000934
val sample_idx: 000936
val sample_idx: 000939
val sample_idx: 000941
val sample_idx: 000946
val sample_idx: 000957
val sample_idx: 000961
val sample_idx: 000972
val sample_idx: 000973
val sample_idx: 000975
val sample_idx: 000983
val sample_idx: 000993
Kitti info val file is saved to /mnt/backup/dassault/ysf/airbus_hackathon/airbus_kitti/kitti_infos_val.pkl
Kitti info trainval file is saved to /mnt/backup/dassault/ysf/airbus_hackathon/airbus_kitti/kitti_infos_trainval.pkl
---------------Start create groundtruth database for data augmentation---------------
gt_database sample: 1/799
gt_database sample: 2/799
gt_database sample: 3/799
gt_database sample: 4/799
gt_database sample: 5/799
gt_database sample: 6/799
gt_database sample: 7/799
gt_database sample: 8/799
gt_database sample: 9/799
gt_database sample: 10/799
gt_database sample: 11/799
gt_database sample: 12/799
gt_database sample: 13/799
gt_database sample: 14/799
gt_database sample: 15/799
gt_database sample: 16/799
gt_database sample: 17/799
gt_database sample: 18/799
gt_database sample: 19/799
gt_database sample: 20/799
gt_database sample: 21/799
gt_database sample: 22/799
gt_database sample: 23/799
gt_database sample: 24/799
gt_database sample: 25/799
gt_database sample: 26/799
gt_database sample: 27/799
gt_database sample: 28/799
gt_database sample: 29/799
gt_database sample: 30/799
gt_database sample: 31/799
gt_database sample: 32/799
gt_database sample: 33/799
gt_database sample: 34/799
gt_database sample: 35/799
gt_database sample: 36/799
gt_database sample: 37/799
gt_database sample: 38/799
gt_database sample: 39/799
gt_database sample: 40/799
gt_database sample: 41/799
gt_database sample: 42/799
gt_database sample: 43/799
gt_database sample: 44/799
gt_database sample: 45/799
gt_database sample: 46/799
gt_database sample: 47/799
gt_database sample: 48/799
gt_database sample: 49/799
gt_database sample: 50/799
gt_database sample: 51/799
gt_database sample: 52/799
gt_database sample: 53/799
gt_database sample: 54/799
gt_database sample: 55/799
gt_database sample: 56/799
gt_database sample: 57/799
gt_database sample: 58/799
gt_database sample: 59/799
gt_database sample: 60/799
gt_database sample: 61/799
gt_database sample: 62/799
gt_database sample: 63/799
gt_database sample: 64/799
gt_database sample: 65/799
gt_database sample: 66/799
gt_database sample: 67/799
gt_database sample: 68/799
gt_database sample: 69/799
gt_database sample: 70/799
gt_database sample: 71/799
gt_database sample: 72/799
gt_database sample: 73/799
gt_database sample: 74/799
gt_database sample: 75/799
gt_database sample: 76/799
gt_database sample: 77/799
gt_database sample: 78/799
gt_database sample: 79/799
gt_database sample: 80/799
gt_database sample: 81/799
gt_database sample: 82/799
gt_database sample: 83/799
gt_database sample: 84/799
gt_database sample: 85/799
gt_database sample: 86/799
gt_database sample: 87/799
gt_database sample: 88/799
gt_database sample: 89/799
gt_database sample: 90/799
gt_database sample: 91/799
gt_database sample: 92/799
gt_database sample: 93/799
gt_database sample: 94/799
gt_database sample: 95/799
gt_database sample: 96/799
gt_database sample: 97/799
gt_database sample: 98/799
gt_database sample: 99/799
gt_database sample: 100/799
gt_database sample: 101/799
gt_database sample: 102/799
gt_database sample: 103/799
gt_database sample: 104/799
gt_database sample: 105/799
gt_database sample: 106/799
gt_database sample: 107/799
gt_database sample: 108/799
gt_database sample: 109/799
gt_database sample: 110/799
gt_database sample: 111/799
gt_database sample: 112/799
gt_database sample: 113/799
gt_database sample: 114/799
gt_database sample: 115/799
gt_database sample: 116/799
gt_database sample: 117/799
gt_database sample: 118/799
gt_database sample: 119/799
gt_database sample: 120/799
gt_database sample: 121/799
gt_database sample: 122/799
gt_database sample: 123/799
gt_database sample: 124/799
gt_database sample: 125/799
gt_database sample: 126/799
gt_database sample: 127/799
gt_database sample: 128/799
gt_database sample: 129/799
gt_database sample: 130/799
gt_database sample: 131/799
gt_database sample: 132/799
gt_database sample: 133/799
gt_database sample: 134/799
gt_database sample: 135/799
gt_database sample: 136/799
gt_database sample: 137/799
gt_database sample: 138/799
gt_database sample: 139/799
gt_database sample: 140/799
gt_database sample: 141/799
gt_database sample: 142/799
gt_database sample: 143/799
gt_database sample: 144/799
gt_database sample: 145/799
gt_database sample: 146/799
gt_database sample: 147/799
gt_database sample: 148/799
gt_database sample: 149/799
gt_database sample: 150/799
gt_database sample: 151/799
gt_database sample: 152/799
gt_database sample: 153/799
gt_database sample: 154/799
gt_database sample: 155/799
gt_database sample: 156/799
gt_database sample: 157/799
gt_database sample: 158/799
gt_database sample: 159/799
gt_database sample: 160/799
gt_database sample: 161/799
gt_database sample: 162/799
gt_database sample: 163/799
gt_database sample: 164/799
gt_database sample: 165/799
gt_database sample: 166/799
gt_database sample: 167/799
gt_database sample: 168/799
gt_database sample: 169/799
gt_database sample: 170/799
gt_database sample: 171/799
gt_database sample: 172/799
gt_database sample: 173/799
gt_database sample: 174/799
gt_database sample: 175/799
gt_database sample: 176/799
gt_database sample: 177/799
gt_database sample: 178/799
gt_database sample: 179/799
gt_database sample: 180/799
gt_database sample: 181/799
gt_database sample: 182/799
gt_database sample: 183/799
gt_database sample: 184/799
gt_database sample: 185/799
gt_database sample: 186/799
gt_database sample: 187/799
gt_database sample: 188/799
gt_database sample: 189/799
gt_database sample: 190/799
gt_database sample: 191/799
gt_database sample: 192/799
gt_database sample: 193/799
gt_database sample: 194/799
gt_database sample: 195/799
gt_database sample: 196/799
gt_database sample: 197/799
gt_database sample: 198/799
gt_database sample: 199/799
gt_database sample: 200/799
gt_database sample: 201/799
gt_database sample: 202/799
gt_database sample: 203/799
gt_database sample: 204/799
gt_database sample: 205/799
gt_database sample: 206/799
gt_database sample: 207/799
gt_database sample: 208/799
gt_database sample: 209/799
gt_database sample: 210/799
gt_database sample: 211/799
gt_database sample: 212/799
gt_database sample: 213/799
gt_database sample: 214/799
gt_database sample: 215/799
gt_database sample: 216/799
gt_database sample: 217/799
gt_database sample: 218/799
gt_database sample: 219/799
gt_database sample: 220/799
gt_database sample: 221/799
gt_database sample: 222/799
gt_database sample: 223/799
gt_database sample: 224/799
gt_database sample: 225/799
gt_database sample: 226/799
gt_database sample: 227/799
gt_database sample: 228/799
gt_database sample: 229/799
gt_database sample: 230/799
gt_database sample: 231/799
gt_database sample: 232/799
gt_database sample: 233/799
gt_database sample: 234/799
gt_database sample: 235/799
gt_database sample: 236/799
gt_database sample: 237/799
gt_database sample: 238/799
gt_database sample: 239/799
gt_database sample: 240/799
gt_database sample: 241/799
gt_database sample: 242/799
gt_database sample: 243/799
gt_database sample: 244/799
gt_database sample: 245/799
gt_database sample: 246/799
gt_database sample: 247/799
gt_database sample: 248/799
gt_database sample: 249/799
gt_database sample: 250/799
gt_database sample: 251/799
gt_database sample: 252/799
gt_database sample: 253/799
gt_database sample: 254/799
gt_database sample: 255/799
gt_database sample: 256/799
gt_database sample: 257/799
gt_database sample: 258/799
gt_database sample: 259/799
gt_database sample: 260/799
gt_database sample: 261/799
gt_database sample: 262/799
gt_database sample: 263/799
gt_database sample: 264/799
gt_database sample: 265/799
gt_database sample: 266/799
gt_database sample: 267/799
gt_database sample: 268/799
gt_database sample: 269/799
gt_database sample: 270/799
gt_database sample: 271/799
gt_database sample: 272/799
gt_database sample: 273/799
gt_database sample: 274/799
gt_database sample: 275/799
gt_database sample: 276/799
gt_database sample: 277/799
gt_database sample: 278/799
gt_database sample: 279/799
gt_database sample: 280/799
gt_database sample: 281/799
gt_database sample: 282/799
gt_database sample: 283/799
gt_database sample: 284/799
gt_database sample: 285/799
gt_database sample: 286/799
gt_database sample: 287/799
gt_database sample: 288/799
gt_database sample: 289/799
gt_database sample: 290/799
gt_database sample: 291/799
gt_database sample: 292/799
gt_database sample: 293/799
gt_database sample: 294/799
gt_database sample: 295/799
gt_database sample: 296/799
gt_database sample: 297/799
gt_database sample: 298/799
gt_database sample: 299/799
gt_database sample: 300/799
gt_database sample: 301/799
gt_database sample: 302/799
gt_database sample: 303/799
gt_database sample: 304/799
gt_database sample: 305/799
gt_database sample: 306/799
gt_database sample: 307/799
gt_database sample: 308/799
gt_database sample: 309/799
gt_database sample: 310/799
gt_database sample: 311/799
gt_database sample: 312/799
gt_database sample: 313/799
gt_database sample: 314/799
gt_database sample: 315/799
gt_database sample: 316/799
gt_database sample: 317/799
gt_database sample: 318/799
gt_database sample: 319/799
gt_database sample: 320/799
gt_database sample: 321/799
gt_database sample: 322/799
gt_database sample: 323/799
gt_database sample: 324/799
gt_database sample: 325/799
gt_database sample: 326/799
gt_database sample: 327/799
gt_database sample: 328/799
gt_database sample: 329/799
gt_database sample: 330/799
gt_database sample: 331/799
gt_database sample: 332/799
gt_database sample: 333/799
gt_database sample: 334/799
gt_database sample: 335/799
gt_database sample: 336/799
gt_database sample: 337/799
gt_database sample: 338/799
gt_database sample: 339/799
gt_database sample: 340/799
gt_database sample: 341/799
gt_database sample: 342/799
gt_database sample: 343/799
gt_database sample: 344/799
gt_database sample: 345/799
gt_database sample: 346/799
gt_database sample: 347/799
gt_database sample: 348/799
gt_database sample: 349/799
gt_database sample: 350/799
gt_database sample: 351/799
gt_database sample: 352/799
gt_database sample: 353/799
gt_database sample: 354/799
gt_database sample: 355/799
gt_database sample: 356/799
gt_database sample: 357/799
gt_database sample: 358/799
gt_database sample: 359/799
gt_database sample: 360/799
gt_database sample: 361/799
gt_database sample: 362/799
gt_database sample: 363/799
gt_database sample: 364/799
gt_database sample: 365/799
gt_database sample: 366/799
gt_database sample: 367/799
gt_database sample: 368/799
gt_database sample: 369/799
gt_database sample: 370/799
gt_database sample: 371/799
gt_database sample: 372/799
gt_database sample: 373/799
gt_database sample: 374/799
gt_database sample: 375/799
gt_database sample: 376/799
gt_database sample: 377/799
gt_database sample: 378/799
gt_database sample: 379/799
gt_database sample: 380/799
gt_database sample: 381/799
gt_database sample: 382/799
gt_database sample: 383/799
gt_database sample: 384/799
gt_database sample: 385/799
gt_database sample: 386/799
gt_database sample: 387/799
gt_database sample: 388/799
gt_database sample: 389/799
gt_database sample: 390/799
gt_database sample: 391/799
gt_database sample: 392/799
gt_database sample: 393/799
gt_database sample: 394/799
gt_database sample: 395/799
gt_database sample: 396/799
gt_database sample: 397/799
gt_database sample: 398/799
gt_database sample: 399/799
gt_database sample: 400/799
gt_database sample: 401/799
gt_database sample: 402/799
gt_database sample: 403/799
gt_database sample: 404/799
gt_database sample: 405/799
gt_database sample: 406/799
gt_database sample: 407/799
gt_database sample: 408/799
gt_database sample: 409/799
gt_database sample: 410/799
gt_database sample: 411/799
gt_database sample: 412/799
gt_database sample: 413/799
gt_database sample: 414/799
gt_database sample: 415/799
gt_database sample: 416/799
gt_database sample: 417/799
gt_database sample: 418/799
gt_database sample: 419/799
gt_database sample: 420/799
gt_database sample: 421/799
gt_database sample: 422/799
gt_database sample: 423/799
gt_database sample: 424/799
gt_database sample: 425/799
gt_database sample: 426/799
gt_database sample: 427/799
gt_database sample: 428/799
gt_database sample: 429/799
gt_database sample: 430/799
gt_database sample: 431/799
gt_database sample: 432/799
gt_database sample: 433/799
gt_database sample: 434/799
gt_database sample: 435/799
gt_database sample: 436/799
gt_database sample: 437/799
gt_database sample: 438/799
gt_database sample: 439/799
gt_database sample: 440/799
gt_database sample: 441/799
gt_database sample: 442/799
gt_database sample: 443/799
gt_database sample: 444/799
gt_database sample: 445/799
gt_database sample: 446/799
gt_database sample: 447/799
gt_database sample: 448/799
gt_database sample: 449/799
gt_database sample: 450/799
gt_database sample: 451/799
gt_database sample: 452/799
gt_database sample: 453/799
gt_database sample: 454/799
gt_database sample: 455/799
gt_database sample: 456/799
gt_database sample: 457/799
gt_database sample: 458/799
gt_database sample: 459/799
gt_database sample: 460/799
gt_database sample: 461/799
gt_database sample: 462/799
gt_database sample: 463/799
gt_database sample: 464/799
gt_database sample: 465/799
gt_database sample: 466/799
gt_database sample: 467/799
gt_database sample: 468/799
gt_database sample: 469/799
gt_database sample: 470/799
gt_database sample: 471/799
gt_database sample: 472/799
gt_database sample: 473/799
gt_database sample: 474/799
gt_database sample: 475/799
gt_database sample: 476/799
gt_database sample: 477/799
gt_database sample: 478/799
gt_database sample: 479/799
gt_database sample: 480/799
gt_database sample: 481/799
gt_database sample: 482/799
gt_database sample: 483/799
gt_database sample: 484/799
gt_database sample: 485/799
gt_database sample: 486/799
gt_database sample: 487/799
gt_database sample: 488/799
gt_database sample: 489/799
gt_database sample: 490/799
gt_database sample: 491/799
gt_database sample: 492/799
gt_database sample: 493/799
gt_database sample: 494/799
gt_database sample: 495/799
gt_database sample: 496/799
gt_database sample: 497/799
gt_database sample: 498/799
gt_database sample: 499/799
gt_database sample: 500/799
gt_database sample: 501/799
gt_database sample: 502/799
gt_database sample: 503/799
gt_database sample: 504/799
gt_database sample: 505/799
gt_database sample: 506/799
gt_database sample: 507/799
gt_database sample: 508/799
gt_database sample: 509/799
gt_database sample: 510/799
gt_database sample: 511/799
gt_database sample: 512/799
gt_database sample: 513/799
gt_database sample: 514/799
gt_database sample: 515/799
gt_database sample: 516/799
gt_database sample: 517/799
gt_database sample: 518/799
gt_database sample: 519/799
gt_database sample: 520/799
gt_database sample: 521/799
gt_database sample: 522/799
gt_database sample: 523/799
gt_database sample: 524/799
gt_database sample: 525/799
gt_database sample: 526/799
gt_database sample: 527/799
gt_database sample: 528/799
gt_database sample: 529/799
gt_database sample: 530/799
gt_database sample: 531/799
gt_database sample: 532/799
gt_database sample: 533/799
gt_database sample: 534/799
gt_database sample: 535/799
gt_database sample: 536/799
gt_database sample: 537/799
gt_database sample: 538/799
gt_database sample: 539/799
gt_database sample: 540/799
gt_database sample: 541/799
gt_database sample: 542/799
gt_database sample: 543/799
gt_database sample: 544/799
gt_database sample: 545/799
gt_database sample: 546/799
gt_database sample: 547/799
gt_database sample: 548/799
gt_database sample: 549/799
gt_database sample: 550/799
gt_database sample: 551/799
gt_database sample: 552/799
gt_database sample: 553/799
gt_database sample: 554/799
gt_database sample: 555/799
gt_database sample: 556/799
gt_database sample: 557/799
gt_database sample: 558/799
gt_database sample: 559/799
gt_database sample: 560/799
gt_database sample: 561/799
gt_database sample: 562/799
gt_database sample: 563/799
gt_database sample: 564/799
gt_database sample: 565/799
gt_database sample: 566/799
gt_database sample: 567/799
gt_database sample: 568/799
gt_database sample: 569/799
gt_database sample: 570/799
gt_database sample: 571/799
gt_database sample: 572/799
gt_database sample: 573/799
gt_database sample: 574/799
gt_database sample: 575/799
gt_database sample: 576/799
gt_database sample: 577/799
gt_database sample: 578/799
gt_database sample: 579/799
gt_database sample: 580/799
gt_database sample: 581/799
gt_database sample: 582/799
gt_database sample: 583/799
gt_database sample: 584/799
gt_database sample: 585/799
gt_database sample: 586/799
gt_database sample: 587/799
gt_database sample: 588/799
gt_database sample: 589/799
gt_database sample: 590/799
gt_database sample: 591/799
gt_database sample: 592/799
gt_database sample: 593/799
gt_database sample: 594/799
gt_database sample: 595/799
gt_database sample: 596/799
gt_database sample: 597/799
gt_database sample: 598/799
gt_database sample: 599/799
gt_database sample: 600/799
gt_database sample: 601/799
gt_database sample: 602/799
gt_database sample: 603/799
gt_database sample: 604/799
gt_database sample: 605/799
gt_database sample: 606/799
gt_database sample: 607/799
gt_database sample: 608/799
gt_database sample: 609/799
gt_database sample: 610/799
gt_database sample: 611/799
gt_database sample: 612/799
gt_database sample: 613/799
gt_database sample: 614/799
gt_database sample: 615/799
gt_database sample: 616/799
gt_database sample: 617/799
gt_database sample: 618/799
gt_database sample: 619/799
gt_database sample: 620/799
gt_database sample: 621/799
gt_database sample: 622/799
gt_database sample: 623/799
gt_database sample: 624/799
gt_database sample: 625/799
gt_database sample: 626/799
gt_database sample: 627/799
gt_database sample: 628/799
gt_database sample: 629/799
gt_database sample: 630/799
gt_database sample: 631/799
gt_database sample: 632/799
gt_database sample: 633/799
gt_database sample: 634/799
gt_database sample: 635/799
gt_database sample: 636/799
gt_database sample: 637/799
gt_database sample: 638/799
gt_database sample: 639/799
gt_database sample: 640/799
gt_database sample: 641/799
gt_database sample: 642/799
gt_database sample: 643/799
gt_database sample: 644/799
gt_database sample: 645/799
gt_database sample: 646/799
gt_database sample: 647/799
gt_database sample: 648/799
gt_database sample: 649/799
gt_database sample: 650/799
gt_database sample: 651/799
gt_database sample: 652/799
gt_database sample: 653/799
gt_database sample: 654/799
gt_database sample: 655/799
gt_database sample: 656/799
gt_database sample: 657/799
gt_database sample: 658/799
gt_database sample: 659/799
gt_database sample: 660/799
gt_database sample: 661/799
gt_database sample: 662/799
gt_database sample: 663/799
gt_database sample: 664/799
gt_database sample: 665/799
gt_database sample: 666/799
gt_database sample: 667/799
gt_database sample: 668/799
gt_database sample: 669/799
gt_database sample: 670/799
gt_database sample: 671/799
gt_database sample: 672/799
gt_database sample: 673/799
gt_database sample: 674/799
gt_database sample: 675/799
gt_database sample: 676/799
gt_database sample: 677/799
gt_database sample: 678/799
gt_database sample: 679/799
gt_database sample: 680/799
gt_database sample: 681/799
gt_database sample: 682/799
gt_database sample: 683/799
gt_database sample: 684/799
gt_database sample: 685/799
gt_database sample: 686/799
gt_database sample: 687/799
gt_database sample: 688/799
gt_database sample: 689/799
gt_database sample: 690/799
gt_database sample: 691/799
gt_database sample: 692/799
gt_database sample: 693/799
gt_database sample: 694/799
gt_database sample: 695/799
gt_database sample: 696/799
gt_database sample: 697/799
gt_database sample: 698/799
gt_database sample: 699/799
gt_database sample: 700/799
gt_database sample: 701/799
gt_database sample: 702/799
gt_database sample: 703/799
gt_database sample: 704/799
gt_database sample: 705/799
gt_database sample: 706/799
gt_database sample: 707/799
gt_database sample: 708/799
gt_database sample: 709/799
gt_database sample: 710/799
gt_database sample: 711/799
gt_database sample: 712/799
gt_database sample: 713/799
gt_database sample: 714/799
gt_database sample: 715/799
gt_database sample: 716/799
gt_database sample: 717/799
gt_database sample: 718/799
gt_database sample: 719/799
gt_database sample: 720/799
gt_database sample: 721/799
gt_database sample: 722/799
gt_database sample: 723/799
gt_database sample: 724/799
gt_database sample: 725/799
gt_database sample: 726/799
gt_database sample: 727/799
gt_database sample: 728/799
gt_database sample: 729/799
gt_database sample: 730/799
gt_database sample: 731/799
gt_database sample: 732/799
gt_database sample: 733/799
gt_database sample: 734/799
gt_database sample: 735/799
gt_database sample: 736/799
gt_database sample: 737/799
gt_database sample: 738/799
gt_database sample: 739/799
gt_database sample: 740/799
gt_database sample: 741/799
gt_database sample: 742/799
gt_database sample: 743/799
gt_database sample: 744/799
gt_database sample: 745/799
gt_database sample: 746/799
gt_database sample: 747/799
gt_database sample: 748/799
gt_database sample: 749/799
gt_database sample: 750/799
gt_database sample: 751/799
gt_database sample: 752/799
gt_database sample: 753/799
gt_database sample: 754/799
gt_database sample: 755/799
gt_database sample: 756/799
gt_database sample: 757/799
gt_database sample: 758/799
gt_database sample: 759/799
gt_database sample: 760/799
gt_database sample: 761/799
gt_database sample: 762/799
gt_database sample: 763/799
gt_database sample: 764/799
gt_database sample: 765/799
gt_database sample: 766/799
gt_database sample: 767/799
gt_database sample: 768/799
gt_database sample: 769/799
gt_database sample: 770/799
gt_database sample: 771/799
gt_database sample: 772/799
gt_database sample: 773/799
gt_database sample: 774/799
gt_database sample: 775/799
gt_database sample: 776/799
gt_database sample: 777/799
gt_database sample: 778/799
gt_database sample: 779/799
gt_database sample: 780/799
gt_database sample: 781/799
gt_database sample: 782/799
gt_database sample: 783/799
gt_database sample: 784/799
gt_database sample: 785/799
gt_database sample: 786/799
gt_database sample: 787/799
gt_database sample: 788/799
gt_database sample: 789/799
gt_database sample: 790/799
gt_database sample: 791/799
gt_database sample: 792/799
gt_database sample: 793/799
gt_database sample: 794/799
gt_database sample: 795/799
gt_database sample: 796/799
gt_database sample: 797/799
gt_database sample: 798/799
gt_database sample: 799/799
Database Antenna: 844
Database Cable: 3457
Database Electric_Pole: 367
Database Wind_Turbine: 998
---------------Data preparation Done---------------
