<frozen runpy>:128: RuntimeWarning: 'pcdet.datasets.kitti.kitti_dataset' found in sys.modules after import of package 'pcdet.datasets.kitti', but prior to execution of 'pcdet.datasets.kitti.kitti_dataset'; this may result in unpredictable behaviour
/mnt/backup/dassault/ysf/airbus_hackathon/OpenPCDet/pcdet/utils/calibration_kitti.py:82: RuntimeWarning: divide by zero encountered in divide
  pts_img = (pts_2d_hom[:, 0:2].T / pts_rect_hom[:, 2]).T  # (N, 2)
/mnt/backup/dassault/ysf/airbus_hackathon/OpenPCDet/pcdet/utils/calibration_kitti.py:82: RuntimeWarning: invalid value encountered in divide
  pts_img = (pts_2d_hom[:, 0:2].T / pts_rect_hom[:, 2]).T  # (N, 2)
---------------Start to generate data infos---------------
train sample_idx: 000000
train sample_idx: 000001
train sample_idx: 000002
train sample_idx: 000003
train sample_idx: 000004
train sample_idx: 000005
train sample_idx: 000006
train sample_idx: 000007
train sample_idx: 000008
train sample_idx: 000009
train sample_idx: 000011
train sample_idx: 000012
train sample_idx: 000013
train sample_idx: 000014
train sample_idx: 000015
train sample_idx: 000016
train sample_idx: 000017
train sample_idx: 000018
train sample_idx: 000019
train sample_idx: 000020
train sample_idx: 000021
train sample_idx: 000022
train sample_idx: 000024
train sample_idx: 000026
train sample_idx: 000027
train sample_idx: 000028
train sample_idx: 000031
train sample_idx: 000032
train sample_idx: 000033
train sample_idx: 000034
train sample_idx: 000035
train sample_idx: 000036
train sample_idx: 000037
train sample_idx: 000038
train sample_idx: 000040
train sample_idx: 000041
train sample_idx: 000042
train sample_idx: 000043
train sample_idx: 000045
train sample_idx: 000046
train sample_idx: 000047
train sample_idx: 000048
train sample_idx: 000049
train sample_idx: 000050
train sample_idx: 000051
train sample_idx: 000052
train sample_idx: 000053
train sample_idx: 000056
train sample_idx: 000057
train sample_idx: 000058
train sample_idx: 000061
train sample_idx: 000062
train sample_idx: 000064
train sample_idx: 000065
train sample_idx: 000068
train sample_idx: 000069
train sample_idx: 000071
train sample_idx: 000073
train sample_idx: 000074
train sample_idx: 000075
train sample_idx: 000077
train sample_idx: 000079
train sample_idx: 000080
train sample_idx: 000081
train sample_idx: 000082
train sample_idx: 000083
train sample_idx: 000084
train sample_idx: 000085
train sample_idx: 000087
train sample_idx: 000089
train sample_idx: 000090
train sample_idx: 000091
train sample_idx: 000092
train sample_idx: 000093
train sample_idx: 000094
train sample_idx: 000095
train sample_idx: 000097
train sample_idx: 000098
train sample_idx: 000099
train sample_idx: 000100
train sample_idx: 000101
train sample_idx: 000102
train sample_idx: 000103
train sample_idx: 000104
train sample_idx: 000105
train sample_idx: 000106
train sample_idx: 000108
train sample_idx: 000109
train sample_idx: 000111
train sample_idx: 000112
train sample_idx: 000113
train sample_idx: 000114
train sample_idx: 000115
train sample_idx: 000116
train sample_idx: 000117
train sample_idx: 000118
train sample_idx: 000119
train sample_idx: 000121
train sample_idx: 000122
train sample_idx: 000123
train sample_idx: 000124
train sample_idx: 000125
train sample_idx: 000126
train sample_idx: 000127
train sample_idx: 000128
train sample_idx: 000129
train sample_idx: 000130
train sample_idx: 000131
train sample_idx: 000132
train sample_idx: 000133
train sample_idx: 000134
train sample_idx: 000135
train sample_idx: 000138
train sample_idx: 000140
train sample_idx: 000141
train sample_idx: 000142
train sample_idx: 000143
train sample_idx: 000144
train sample_idx: 000145
train sample_idx: 000146
train sample_idx: 000147
train sample_idx: 000148
train sample_idx: 000149
train sample_idx: 000150
train sample_idx: 000151
train sample_idx: 000152
train sample_idx: 000153
train sample_idx: 000154
train sample_idx: 000155
train sample_idx: 000156
train sample_idx: 000157
train sample_idx: 000159
train sample_idx: 000160
train sample_idx: 000161
train sample_idx: 000162
train sample_idx: 000163
train sample_idx: 000164
train sample_idx: 000165
train sample_idx: 000166
train sample_idx: 000167
train sample_idx: 000169
train sample_idx: 000170
train sample_idx: 000171
train sample_idx: 000172
train sample_idx: 000173
train sample_idx: 000175
train sample_idx: 000176
train sample_idx: 000177
train sample_idx: 000178
train sample_idx: 000179
train sample_idx: 000180
train sample_idx: 000181
train sample_idx: 000182
train sample_idx: 000183
train sample_idx: 000185
train sample_idx: 000186
train sample_idx: 000187
train sample_idx: 000188
train sample_idx: 000189
train sample_idx: 000190
train sample_idx: 000191
train sample_idx: 000192
train sample_idx: 000193
train sample_idx: 000194
train sample_idx: 000195
train sample_idx: 000196
train sample_idx: 000197
train sample_idx: 000200
train sample_idx: 000201
train sample_idx: 000202
train sample_idx: 000203
train sample_idx: 000204
train sample_idx: 000205
train sample_idx: 000206
train sample_idx: 000207
train sample_idx: 000211
train sample_idx: 000212
train sample_idx: 000214
train sample_idx: 000216
train sample_idx: 000217
train sample_idx: 000219
train sample_idx: 000220
train sample_idx: 000222
train sample_idx: 000223
train sample_idx: 000224
train sample_idx: 000225
train sample_idx: 000226
train sample_idx: 000227
train sample_idx: 000228
train sample_idx: 000229
train sample_idx: 000230
train sample_idx: 000231
train sample_idx: 000232
train sample_idx: 000233
train sample_idx: 000234
train sample_idx: 000236
train sample_idx: 000238
train sample_idx: 000239
train sample_idx: 000240
train sample_idx: 000241
train sample_idx: 000242
train sample_idx: 000243
train sample_idx: 000244
train sample_idx: 000245
train sample_idx: 000246
train sample_idx: 000248
train sample_idx: 000250
train sample_idx: 000251
train sample_idx: 000252
train sample_idx: 000253
train sample_idx: 000254
train sample_idx: 000255
train sample_idx: 000256
train sample_idx: 000257
train sample_idx: 000258
train sample_idx: 000262
train sample_idx: 000263
train sample_idx: 000264
train sample_idx: 000265
train sample_idx: 000267
train sample_idx: 000268
train sample_idx: 000269
train sample_idx: 000270
train sample_idx: 000271
train sample_idx: 000272
train sample_idx: 000273
train sample_idx: 000274
train sample_idx: 000275
train sample_idx: 000276
train sample_idx: 000278
train sample_idx: 000279
train sample_idx: 000282
train sample_idx: 000283
train sample_idx: 000284
train sample_idx: 000285
train sample_idx: 000286
train sample_idx: 000287
train sample_idx: 000288
train sample_idx: 000289
train sample_idx: 000291
train sample_idx: 000293
train sample_idx: 000295
train sample_idx: 000297
train sample_idx: 000300
train sample_idx: 000301
train sample_idx: 000302
train sample_idx: 000303
train sample_idx: 000304
train sample_idx: 000305
train sample_idx: 000308
train sample_idx: 000310
train sample_idx: 000311
train sample_idx: 000313
train sample_idx: 000314
train sample_idx: 000315
train sample_idx: 000316
train sample_idx: 000317
train sample_idx: 000320
train sample_idx: 000322
train sample_idx: 000323
train sample_idx: 000324
train sample_idx: 000325
train sample_idx: 000326
train sample_idx: 000329
train sample_idx: 000330
train sample_idx: 000332
train sample_idx: 000333
train sample_idx: 000334
train sample_idx: 000335
train sample_idx: 000336
train sample_idx: 000337
train sample_idx: 000338
train sample_idx: 000339
train sample_idx: 000340
train sample_idx: 000341
train sample_idx: 000342
train sample_idx: 000343
train sample_idx: 000345
train sample_idx: 000347
train sample_idx: 000348
train sample_idx: 000349
train sample_idx: 000350
train sample_idx: 000353
train sample_idx: 000354
train sample_idx: 000355
train sample_idx: 000356
train sample_idx: 000357
train sample_idx: 000358
train sample_idx: 000360
train sample_idx: 000361
train sample_idx: 000362
train sample_idx: 000364
train sample_idx: 000366
train sample_idx: 000367
train sample_idx: 000368
train sample_idx: 000369
train sample_idx: 000370
train sample_idx: 000372
train sample_idx: 000373
train sample_idx: 000374
train sample_idx: 000375
train sample_idx: 000376
train sample_idx: 000378
train sample_idx: 000379
train sample_idx: 000381
train sample_idx: 000383
train sample_idx: 000384
train sample_idx: 000385
train sample_idx: 000386
train sample_idx: 000387
train sample_idx: 000388
train sample_idx: 000389
train sample_idx: 000390
train sample_idx: 000391
train sample_idx: 000392
train sample_idx: 000393
train sample_idx: 000394
train sample_idx: 000395
train sample_idx: 000396
train sample_idx: 000397
train sample_idx: 000399
train sample_idx: 000400
train sample_idx: 000401
train sample_idx: 000402
train sample_idx: 000403
train sample_idx: 000404
train sample_idx: 000405
train sample_idx: 000406
train sample_idx: 000407
train sample_idx: 000408
train sample_idx: 000409
train sample_idx: 000410
train sample_idx: 000412
train sample_idx: 000413
train sample_idx: 000414
train sample_idx: 000415
train sample_idx: 000416
train sample_idx: 000417
train sample_idx: 000418
train sample_idx: 000419
train sample_idx: 000420
train sample_idx: 000421
train sample_idx: 000422
train sample_idx: 000423
train sample_idx: 000426
train sample_idx: 000427
train sample_idx: 000428
train sample_idx: 000429
train sample_idx: 000430
train sample_idx: 000431
train sample_idx: 000434
train sample_idx: 000435
train sample_idx: 000437
train sample_idx: 000438
train sample_idx: 000439
train sample_idx: 000440
train sample_idx: 000441
train sample_idx: 000443
train sample_idx: 000444
train sample_idx: 000445
train sample_idx: 000446
train sample_idx: 000447
train sample_idx: 000450
train sample_idx: 000451
train sample_idx: 000452
train sample_idx: 000454
train sample_idx: 000455
train sample_idx: 000457
train sample_idx: 000458
train sample_idx: 000459
train sample_idx: 000460
train sample_idx: 000461
train sample_idx: 000462
train sample_idx: 000463
train sample_idx: 000465
train sample_idx: 000466
train sample_idx: 000467
train sample_idx: 000469
train sample_idx: 000470
train sample_idx: 000471
train sample_idx: 000472
train sample_idx: 000473
train sample_idx: 000474
train sample_idx: 000475
train sample_idx: 000476
train sample_idx: 000477
train sample_idx: 000478
train sample_idx: 000479
train sample_idx: 000480
train sample_idx: 000481
train sample_idx: 000482
train sample_idx: 000483
train sample_idx: 000484
train sample_idx: 000486
train sample_idx: 000487
train sample_idx: 000488
train sample_idx: 000489
train sample_idx: 000490
train sample_idx: 000491
train sample_idx: 000492
train sample_idx: 000493
train sample_idx: 000494
train sample_idx: 000495
train sample_idx: 000496
train sample_idx: 000497
train sample_idx: 000498
train sample_idx: 000499
train sample_idx: 000500
train sample_idx: 000501
train sample_idx: 000502
train sample_idx: 000503
train sample_idx: 000504
train sample_idx: 000505
train sample_idx: 000506
train sample_idx: 000508
train sample_idx: 000509
train sample_idx: 000510
train sample_idx: 000511
train sample_idx: 000512
train sample_idx: 000515
train sample_idx: 000517
train sample_idx: 000518
train sample_idx: 000519
train sample_idx: 000520
train sample_idx: 000523
train sample_idx: 000524
train sample_idx: 000527
train sample_idx: 000529
train sample_idx: 000530
train sample_idx: 000531
train sample_idx: 000532
train sample_idx: 000535
train sample_idx: 000536
train sample_idx: 000537
train sample_idx: 000538
train sample_idx: 000540
train sample_idx: 000543
train sample_idx: 000544
train sample_idx: 000546
train sample_idx: 000547
train sample_idx: 000549
train sample_idx: 000550
train sample_idx: 000551
train sample_idx: 000552
train sample_idx: 000553
train sample_idx: 000555
train sample_idx: 000556
train sample_idx: 000557
train sample_idx: 000559
train sample_idx: 000560
train sample_idx: 000561
train sample_idx: 000562
train sample_idx: 000563
train sample_idx: 000564
train sample_idx: 000565
train sample_idx: 000566
train sample_idx: 000567
train sample_idx: 000568
train sample_idx: 000569
train sample_idx: 000571
train sample_idx: 000572
train sample_idx: 000573
train sample_idx: 000574
train sample_idx: 000575
train sample_idx: 000577
train sample_idx: 000579
train sample_idx: 000580
train sample_idx: 000581
train sample_idx: 000582
train sample_idx: 000583
train sample_idx: 000584
train sample_idx: 000585
train sample_idx: 000586
train sample_idx: 000587
train sample_idx: 000589
train sample_idx: 000590
train sample_idx: 000592
train sample_idx: 000596
train sample_idx: 000598
train sample_idx: 000600
train sample_idx: 000601
train sample_idx: 000602
train sample_idx: 000604
train sample_idx: 000605
train sample_idx: 000606
train sample_idx: 000607
train sample_idx: 000608
train sample_idx: 000609
train sample_idx: 000610
train sample_idx: 000611
train sample_idx: 000612
train sample_idx: 000613
train sample_idx: 000614
train sample_idx: 000615
train sample_idx: 000616
train sample_idx: 000617
train sample_idx: 000618
train sample_idx: 000619
train sample_idx: 000621
train sample_idx: 000623
train sample_idx: 000624
train sample_idx: 000626
train sample_idx: 000627
train sample_idx: 000628
train sample_idx: 000629
train sample_idx: 000630
train sample_idx: 000631
train sample_idx: 000632
train sample_idx: 000633
train sample_idx: 000636
train sample_idx: 000637
train sample_idx: 000638
train sample_idx: 000639
train sample_idx: 000640
train sample_idx: 000641
train sample_idx: 000642
train sample_idx: 000643
train sample_idx: 000645
train sample_idx: 000646
train sample_idx: 000647
train sample_idx: 000648
train sample_idx: 000651
train sample_idx: 000652
train sample_idx: 000653
train sample_idx: 000654
train sample_idx: 000655
train sample_idx: 000656
train sample_idx: 000657
train sample_idx: 000658
train sample_idx: 000659
train sample_idx: 000660
train sample_idx: 000661
train sample_idx: 000663
train sample_idx: 000664
train sample_idx: 000665
train sample_idx: 000666
train sample_idx: 000667
train sample_idx: 000668
train sample_idx: 000669
train sample_idx: 000670
train sample_idx: 000671
train sample_idx: 000672
train sample_idx: 000673
train sample_idx: 000674
train sample_idx: 000675
train sample_idx: 000676
train sample_idx: 000679
train sample_idx: 000680
train sample_idx: 000681
train sample_idx: 000682
train sample_idx: 000683
train sample_idx: 000684
train sample_idx: 000686
train sample_idx: 000689
train sample_idx: 000690
train sample_idx: 000691
train sample_idx: 000692
train sample_idx: 000694
train sample_idx: 000696
train sample_idx: 000697
train sample_idx: 000698
train sample_idx: 000699
train sample_idx: 000700
train sample_idx: 000701
train sample_idx: 000702
train sample_idx: 000703
train sample_idx: 000704
train sample_idx: 000705
train sample_idx: 000707
train sample_idx: 000708
train sample_idx: 000709
train sample_idx: 000710
train sample_idx: 000711
train sample_idx: 000712
train sample_idx: 000713
train sample_idx: 000715
train sample_idx: 000716
train sample_idx: 000717
train sample_idx: 000718
train sample_idx: 000719
train sample_idx: 000720
train sample_idx: 000721
train sample_idx: 000723
train sample_idx: 000724
train sample_idx: 000725
train sample_idx: 000726
train sample_idx: 000727
train sample_idx: 000728
train sample_idx: 000729
train sample_idx: 000731
train sample_idx: 000732
train sample_idx: 000733
train sample_idx: 000734
train sample_idx: 000735
train sample_idx: 000737
train sample_idx: 000738
train sample_idx: 000741
train sample_idx: 000742
train sample_idx: 000743
train sample_idx: 000744
train sample_idx: 000745
train sample_idx: 000746
train sample_idx: 000747
train sample_idx: 000748
train sample_idx: 000749
train sample_idx: 000750
train sample_idx: 000751
train sample_idx: 000752
train sample_idx: 000753
train sample_idx: 000754
train sample_idx: 000755
train sample_idx: 000756
train sample_idx: 000757
train sample_idx: 000758
train sample_idx: 000759
train sample_idx: 000760
train sample_idx: 000761
train sample_idx: 000762
train sample_idx: 000763
train sample_idx: 000765
train sample_idx: 000766
train sample_idx: 000768
train sample_idx: 000769
train sample_idx: 000771
train sample_idx: 000772
train sample_idx: 000774
train sample_idx: 000775
train sample_idx: 000776
train sample_idx: 000777
train sample_idx: 000778
train sample_idx: 000779
train sample_idx: 000780
train sample_idx: 000782
train sample_idx: 000783
train sample_idx: 000784
train sample_idx: 000786
train sample_idx: 000788
train sample_idx: 000789
train sample_idx: 000790
train sample_idx: 000791
train sample_idx: 000793
train sample_idx: 000794
train sample_idx: 000795
train sample_idx: 000799
train sample_idx: 000800
train sample_idx: 000801
train sample_idx: 000802
train sample_idx: 000804
train sample_idx: 000805
train sample_idx: 000806
train sample_idx: 000807
train sample_idx: 000808
train sample_idx: 000810
train sample_idx: 000811Traceback (most recent call last):
  File "<frozen runpy>", line 198, in _run_module_as_main
  File "<frozen runpy>", line 88, in _run_code
  File "/mnt/backup/dassault/ysf/airbus_hackathon/OpenPCDet/pcdet/datasets/kitti/kitti_dataset.py", line 485, in <module>
    create_kitti_infos(
    ~~~~~~~~~~~~~~~~~~^
        dataset_cfg=dataset_cfg,
        ^^^^^^^^^^^^^^^^^^^^^^^^
    ...<2 lines>...
        save_path=save_path
        ^^^^^^^^^^^^^^^^^^^
    )
    ^
  File "/mnt/backup/dassault/ysf/airbus_hackathon/OpenPCDet/pcdet/datasets/kitti/kitti_dataset.py", line 444, in create_kitti_infos
    kitti_infos_train = dataset.get_infos(num_workers=workers, has_label=True, count_inside_pts=True)
  File "/mnt/backup/dassault/ysf/airbus_hackathon/OpenPCDet/pcdet/datasets/kitti/kitti_dataset.py", line 223, in get_infos
    return list(infos)
  File "/mnt/backup/dassault/anaconda3/lib/python3.13/concurrent/futures/_base.py", line 619, in result_iterator
    yield _result_or_cancel(fs.pop())
          ~~~~~~~~~~~~~~~~~^^^^^^^^^^
  File "/mnt/backup/dassault/anaconda3/lib/python3.13/concurrent/futures/_base.py", line 317, in _result_or_cancel
    return fut.result(timeout)
           ~~~~~~~~~~^^^^^^^^^
  File "/mnt/backup/dassault/anaconda3/lib/python3.13/concurrent/futures/_base.py", line 449, in result
    return self.__get_result()
           ~~~~~~~~~~~~~~~~~^^
  File "/mnt/backup/dassault/anaconda3/lib/python3.13/concurrent/futures/_base.py", line 401, in __get_result
    raise self._exception
  File "/mnt/backup/dassault/anaconda3/lib/python3.13/concurrent/futures/thread.py", line 59, in run
    result = self.fn(*self.args, **self.kwargs)
  File "/mnt/backup/dassault/ysf/airbus_hackathon/OpenPCDet/pcdet/datasets/kitti/kitti_dataset.py", line 180, in process_single_scene
    annotations['bbox'] = np.concatenate([obj.box2d.reshape(1, 4) for obj in obj_list], axis=0)
                          ~~~~~~~~~~~~~~^^^^^^^^^^^^^^^^^^^^^^^^^^^^^^^^^^^^^^^^^^^^^^^^^^^^^^^
ValueError: need at least one array to concatenate

train sample_idx: 000812
train sample_idx: 000815
train sample_idx: 000816
train sample_idx: 000817
train sample_idx: 000818
train sample_idx: 000819
train sample_idx: 000820
train sample_idx: 000821
train sample_idx: 000825
train sample_idx: 000826
train sample_idx: 000827
train sample_idx: 000828
train sample_idx: 000829
train sample_idx: 000830
train sample_idx: 000831
train sample_idx: 000832
train sample_idx: 000833
train sample_idx: 000836
train sample_idx: 000838
train sample_idx: 000839
train sample_idx: 000840
train sample_idx: 000841
train sample_idx: 000842
train sample_idx: 000843
train sample_idx: 000844
train sample_idx: 000845
train sample_idx: 000846
train sample_idx: 000848
train sample_idx: 000851
train sample_idx: 000852
train sample_idx: 000853
train sample_idx: 000854
train sample_idx: 000855
train sample_idx: 000856
train sample_idx: 000858
train sample_idx: 000859
train sample_idx: 000860
train sample_idx: 000861
train sample_idx: 000862
train sample_idx: 000863
train sample_idx: 000864
train sample_idx: 000866
train sample_idx: 000867
train sample_idx: 000868
train sample_idx: 000870
train sample_idx: 000871
train sample_idx: 000872
train sample_idx: 000873
train sample_idx: 000874
train sample_idx: 000875
train sample_idx: 000876
train sample_idx: 000878
train sample_idx: 000880
train sample_idx: 000882
train sample_idx: 000883
train sample_idx: 000884
train sample_idx: 000885
train sample_idx: 000886
train sample_idx: 000887
train sample_idx: 000888
train sample_idx: 000890
train sample_idx: 000892
train sample_idx: 000893
train sample_idx: 000894
train sample_idx: 000895
train sample_idx: 000896
train sample_idx: 000897
train sample_idx: 000898
train sample_idx: 000899
train sample_idx: 000901
train sample_idx: 000902
train sample_idx: 000903
train sample_idx: 000904
train sample_idx: 000906
train sample_idx: 000907
train sample_idx: 000909
train sample_idx: 000910
train sample_idx: 000911
train sample_idx: 000913
train sample_idx: 000916
train sample_idx: 000917
train sample_idx: 000918
train sample_idx: 000919
train sample_idx: 000920
train sample_idx: 000923
train sample_idx: 000924
train sample_idx: 000925
train sample_idx: 000926
train sample_idx: 000929
train sample_idx: 000930
train sample_idx: 000931
train sample_idx: 000932
train sample_idx: 000933
train sample_idx: 000935
train sample_idx: 000937
train sample_idx: 000938
train sample_idx: 000940
train sample_idx: 000942
train sample_idx: 000943
train sample_idx: 000944
train sample_idx: 000945
train sample_idx: 000947
train sample_idx: 000948
train sample_idx: 000949
train sample_idx: 000950
train sample_idx: 000951
train sample_idx: 000952
train sample_idx: 000953
train sample_idx: 000954
train sample_idx: 000955
train sample_idx: 000956
train sample_idx: 000958
train sample_idx: 000959
train sample_idx: 000960
train sample_idx: 000962
train sample_idx: 000963
train sample_idx: 000964
train sample_idx: 000965
train sample_idx: 000966
train sample_idx: 000967
train sample_idx: 000968
train sample_idx: 000969
train sample_idx: 000970
train sample_idx: 000971
train sample_idx: 000974
train sample_idx: 000976
train sample_idx: 000977
train sample_idx: 000978
train sample_idx: 000979
train sample_idx: 000980
train sample_idx: 000981
train sample_idx: 000982
train sample_idx: 000984
train sample_idx: 000985
train sample_idx: 000986
train sample_idx: 000987
train sample_idx: 000988
train sample_idx: 000989
train sample_idx: 000990
train sample_idx: 000991
train sample_idx: 000992
train sample_idx: 000994
train sample_idx: 000995
train sample_idx: 000996
train sample_idx: 000997
